#
# There is insufficient memory for the Java Runtime Environment to continue.
# Native memory allocation (mmap) failed to map 201326592 bytes for Failed to commit area from 0x0000000741e00000 to 0x000000074de00000 of length 201326592.
# Possible reasons:
#   The system is out of physical RAM or swap space
#   The process is running with CompressedOops enabled, and the Java Heap may be blocking the growth of the native heap
# Possible solutions:
#   Reduce memory load on the system
#   Increase physical memory or swap space
#   Check if swap backing store is full
#   Decrease Java heap size (-Xmx/-Xms)
#   Decrease number of Java threads
#   Decrease Java thread _stack sizes (-Xss)
#   Set larger code cache with -XX:ReservedCodeCacheSize=
# This output file may be truncated or incomplete.
#
#  Out of Memory Error (./src/hotspot/os/windows/os_windows.cpp:3619), pid=12236, tid=7864
#
# JRE version:  (11.0.13+7) (build )
# Java VM: OpenJDK 64-Bit Server VM (11.0.13+7-b1751.25, mixed mode, sharing, tiered, compressed oops, g1 gc, windows-amd64)
# No core dump will be written. Minidumps are not enabled by default on client versions of Windows
#

---------------  S U M M A R Y ------------

Command Line: git4idea.http.GitAskPassApp Username for 'https://github.com': 

Host: Intel(R) Core(TM) i7-8550U CPU @ 1.80GHz, 8 cores, 11G,  Windows 10 , 64 bit Build 18362 (10.0.18362.1)
Time: Sun Feb 27 22:27:03 2022 Eastern Standard Time elapsed time: 0.006969 seconds (0d 0h 0m 0s)

---------------  T H R E A D  ---------------

Current thread (0x0000026c56b7c800):  JavaThread "Unknown thread" [_thread_in_vm, id=7864, _stack(0x00000073cec00000,0x00000073ced00000)]

Stack: [0x00000073cec00000,0x00000073ced00000]
Native frames: (J=compiled Java code, j=interpreted, Vv=VM code, C=native code)
V  [jvm.dll+0x613daa]
V  [jvm.dll+0x799b30]
V  [jvm.dll+0x79b14d]
V  [jvm.dll+0x79b823]
V  [jvm.dll+0x24c958]
V  [jvm.dll+0x610e24]
V  [jvm.dll+0x605b25]
V  [jvm.dll+0x30aaab]
V  [jvm.dll+0x30aa1a]
V  [jvm.dll+0x30a8f2]
V  [jvm.dll+0x30f856]
V  [jvm.dll+0x359143]
V  [jvm.dll+0x359846]
V  [jvm.dll+0x359243]
V  [jvm.dll+0x2e57a8]
V  [jvm.dll+0x2e6947]
V  [jvm.dll+0x776d47]
V  [jvm.dll+0x77853c]
V  [jvm.dll+0x3666c9]
V  [jvm.dll+0x75a9ce]
V  [jvm.dll+0x3d47d3]
V  [jvm.dll+0x3d6d21]
C  [jli.dll+0x536b]
C  [ucrtbase.dll+0x1d912]
C  [KERNEL32.DLL+0x17944]
C  [ntdll.dll+0x6ce71]


---------------  P R O C E S S  ---------------

Threads class SMR info:
_java_thread_list=0x0000026c54995d60, length=0, elements={
}

Java Threads: ( => current thread )

Other Threads:
  0x0000026c56b96000 GCTaskThread "GC Thread#0" [_stack: 0x00000073ced00000,0x00000073cee00000] [id=9528]
  0x0000026c56bdc800 ConcurrentGCThread "G1 Main Marker" [_stack: 0x00000073cee00000,0x00000073cef00000] [id=9580]
  0x0000026c56bdf000 ConcurrentGCThread "G1 Conc#0" [_stack: 0x00000073cef00000,0x00000073cf000000] [id=12640]

[error occurred during error reporting (printing all threads), id 0xc0000005, EXCEPTION_ACCESS_VIOLATION (0xc0000005) at pc=0x00007ffc9f9f5c97]

VM state:not at safepoint (not fully initialized)

VM Mutex/Monitor currently owned by a thread:  ([mutex/lock_event])
[0x0000026c56b79140] Heap_lock - owner thread: 0x0000026c56b7c800

Heap address: 0x0000000741e00000, size: 3042 MB, Compressed Oops mode: Non-zero based: 0x0000000741e00000
Narrow klass base: 0x0000000000000000, Narrow klass shift: 0

GC Heap History (0 events):
No events

Deoptimization events (0 events):
No events

Classes redefined (0 events):
No events

Internal exceptions (0 events):
No events

Events (1 events):
Event: 0.004 Loaded shared library F:\IntelliJ IDEA Community Edition 2021.1.3\jbr\bin\zip.dll


Dynamic libraries:
0x00007ff7f5c40000 - 0x00007ff7f5c4a000 	F:\IntelliJ IDEA Community Edition 2021.1.3\jbr\bin\java.exe
0x00007ffcdf7e0000 - 0x00007ffcdf9d0000 	C:\Windows\SYSTEM32\ntdll.dll
0x00007ffcddbf0000 - 0x00007ffcddca2000 	C:\Windows\System32\KERNEL32.DLL
0x00007ffcdd230000 - 0x00007ffcdd4d2000 	C:\Windows\System32\KERNELBASE.dll
0x00007ffcdd740000 - 0x00007ffcdd83a000 	C:\Windows\System32\ucrtbase.dll
0x00007ffcd7000000 - 0x00007ffcd7019000 	F:\IntelliJ IDEA Community Edition 2021.1.3\jbr\bin\jli.dll
0x00007ffcd5300000 - 0x00007ffcd5317000 	F:\IntelliJ IDEA Community Edition 2021.1.3\jbr\bin\VCRUNTIME140.dll
0x00007ffcdea50000 - 0x00007ffcdebe3000 	C:\Windows\System32\USER32.dll
0x00007ffcdd6e0000 - 0x00007ffcdd701000 	C:\Windows\System32\win32u.dll
0x00007ffcc6af0000 - 0x00007ffcc6d75000 	C:\Windows\WinSxS\amd64_microsoft.windows.common-controls_6595b64144ccf1df_6.0.18362.30_none_a1435978519dce7f\COMCTL32.dll
0x00007ffcdee60000 - 0x00007ffcdee86000 	C:\Windows\System32\GDI32.dll
0x00007ffcddaa0000 - 0x00007ffcddb3e000 	C:\Windows\System32\msvcrt.dll
0x00007ffcdc820000 - 0x00007ffcdc9b4000 	C:\Windows\System32\gdi32full.dll
0x00007ffcde6a0000 - 0x00007ffcde9d6000 	C:\Windows\System32\combase.dll
0x00007ffcdd190000 - 0x00007ffcdd22e000 	C:\Windows\System32\msvcp_win.dll
0x00007ffcdf470000 - 0x00007ffcdf590000 	C:\Windows\System32\RPCRT4.dll
0x00007ffcdc770000 - 0x00007ffcdc7f1000 	C:\Windows\System32\bcryptPrimitives.dll
0x00007ffcdec10000 - 0x00007ffcdec3e000 	C:\Windows\System32\IMM32.DLL
0x00007ffc9ece0000 - 0x00007ffc9ed7d000 	F:\IntelliJ IDEA Community Edition 2021.1.3\jbr\bin\msvcp140.dll
0x00007ffc9f700000 - 0x00007ffca0276000 	F:\IntelliJ IDEA Community Edition 2021.1.3\jbr\bin\server\jvm.dll
0x00007ffcdd8a0000 - 0x00007ffcdd943000 	C:\Windows\System32\ADVAPI32.dll
0x00007ffcddcb0000 - 0x00007ffcddd47000 	C:\Windows\System32\sechost.dll
0x00007ffcdde80000 - 0x00007ffcdde88000 	C:\Windows\System32\PSAPI.DLL
0x00007ffcc4f70000 - 0x00007ffcc4f79000 	C:\Windows\SYSTEM32\WSOCK32.dll
0x00007ffcd87f0000 - 0x00007ffcd8814000 	C:\Windows\SYSTEM32\WINMM.dll
0x00007ffcd7ce0000 - 0x00007ffcd7cea000 	C:\Windows\SYSTEM32\VERSION.dll
0x00007ffcde9e0000 - 0x00007ffcdea4f000 	C:\Windows\System32\WS2_32.dll
0x00007ffcd8ad0000 - 0x00007ffcd8afd000 	C:\Windows\SYSTEM32\winmmbase.dll
0x00007ffcdd140000 - 0x00007ffcdd18a000 	C:\Windows\System32\cfgmgr32.dll
0x00007ffcdc6c0000 - 0x00007ffcdc6d1000 	C:\Windows\System32\kernel.appcore.dll
0x00007ffcd5570000 - 0x00007ffcd5581000 	F:\IntelliJ IDEA Community Edition 2021.1.3\jbr\bin\verify.dll
0x00007ffcdb000000 - 0x00007ffcdb1f4000 	C:\Windows\SYSTEM32\DBGHELP.DLL
0x00007ffcc2070000 - 0x00007ffcc209a000 	C:\Windows\SYSTEM32\dbgcore.DLL
0x00007ffcd5380000 - 0x00007ffcd53a9000 	F:\IntelliJ IDEA Community Edition 2021.1.3\jbr\bin\java.dll
0x00007ffcd6ef0000 - 0x00007ffcd6efb000 	F:\IntelliJ IDEA Community Edition 2021.1.3\jbr\bin\jimage.dll
0x00007ffcd5360000 - 0x00007ffcd5378000 	F:\IntelliJ IDEA Community Edition 2021.1.3\jbr\bin\zip.dll

dbghelp: loaded successfully - version: 4.0.5 - missing functions: none
symbol engine: initialized successfully - sym options: 0x614 - pdb path: .;F:\IntelliJ IDEA Community Edition 2021.1.3\jbr\bin;C:\Windows\SYSTEM32;C:\Windows\WinSxS\amd64_microsoft.windows.common-controls_6595b64144ccf1df_6.0.18362.30_none_a1435978519dce7f;F:\IntelliJ IDEA Community Edition 2021.1.3\jbr\bin\server

VM Arguments:
java_command: git4idea.http.GitAskPassApp Username for 'https://github.com': 
java_class_path (initial): F:/IntelliJ IDEA Community Edition 2021.1.3/plugins/git4idea/lib/git4idea-rt.jar;F:/IntelliJ IDEA Community Edition 2021.1.3/lib/3rd-party.jar;F:/IntelliJ IDEA Community Edition 2021.1.3/lib/3rd-party-rt.jar
Launcher Type: SUN_STANDARD

[Global flags]
     intx CICompilerCount                          = 4                                         {product} {ergonomic}
     uint ConcGCThreads                            = 2                                         {product} {ergonomic}
     uint G1ConcRefinementThreads                  = 8                                         {product} {ergonomic}
   size_t G1HeapRegionSize                         = 1048576                                   {product} {ergonomic}
    uintx GCDrainStackTargetSize                   = 64                                        {product} {ergonomic}
   size_t InitialHeapSize                          = 201326592                                 {product} {ergonomic}
   size_t MarkStackSize                            = 4194304                                   {product} {ergonomic}
   size_t MaxHeapSize                              = 3189768192                                {product} {ergonomic}
   size_t MinHeapDeltaBytes                        = 1048576                                   {product} {ergonomic}
    uintx NonNMethodCodeHeapSize                   = 5836300                                {pd product} {ergonomic}
    uintx NonProfiledCodeHeapSize                  = 122910970                              {pd product} {ergonomic}
    uintx ProfiledCodeHeapSize                     = 122910970                              {pd product} {ergonomic}
    uintx ReservedCodeCacheSize                    = 251658240                              {pd product} {ergonomic}
     bool SegmentedCodeCache                       = true                                      {product} {ergonomic}
     bool UseCompressedClassPointers               = true                                 {lp64_product} {ergonomic}
     bool UseCompressedOops                        = true                                 {lp64_product} {ergonomic}
     bool UseG1GC                                  = true                                      {product} {ergonomic}
     bool UseLargePagesIndividualAllocation        = false                                  {pd product} {ergonomic}

Logging:
Log output configuration:
 #0: stdout all=warning uptime,level,tags
 #1: stderr all=off uptime,level,tags

Environment Variables:
PATH=C:/Program Files/Git/mingw64/libexec/git-core;C:/Program Files/Git/mingw64/libexec/git-core;C:\Program Files\Git\mingw64\bin;C:\Program Files\Git\usr\bin;C:\Users\mojan\bin;C:\Program Files\Microsoft\jdk-11.0.12.7-hotspot\bin;C:\Windows\system32;C:\Windows;C:\Windows\System32\Wbem;C:\Windows\System32\WindowsPowerShell\v1.0\;C:\Windows\System32\OpenSSH\;C:\Program Files (x86)\NVIDIA Corporation\PhysX\Common;C:\Program Files\Microsoft SQL Server\130\Tools\Binn\;C:\Program Files (x86)\Common Files\lenovo\easyplussdk\bin;C:\Program Files\NVIDIA Corporation\NVIDIA NvDLISR;C:\Program Files\Intel\WiFi\bin\;C:\Program Files\Common Files\Intel\WirelessCommon\;C:\Program Files\Git\cmd;C:\ProgramData\chocolatey\bin;C:\Program Files\dotnet\;F:\Python310\Scripts\;F:\Python310\;C:\Program Files\Intel\WiFi\bin\;C:\Program Files\Common Files\Intel\WirelessCommon\;C:\Users\mojan\.dotnet\tools;F:\IntelliJ IDEA Community Edition 2021.1.3\bin;C:\Users\mojan\Documents\flutter\bin;C:\tools\dart-sdk\bin;C:\Users\mojan\AppData\Roaming\Pub\Cache\bin;F:\Microsoft VS Code\bin;C:\Program Files\mingw-w64\x86_64-8.1.0-posix-seh-rt_v6-rev0\mingw64\bin;C:\Program Files\kotlinc\bin;C:\Users\mojan\.dotnet\tools
USERNAME=mojan
DISPLAY=:0.0
LC_ALL=en_US.UTF-8
OS=Windows_NT
PROCESSOR_IDENTIFIER=Intel64 Family 6 Model 142 Stepping 10, GenuineIntel



---------------  S Y S T E M  ---------------

OS: Windows 10 , 64 bit Build 18362 (10.0.18362.1)
OS uptime: 0 days 10:29 hours

CPU:total 8 (initial active 8) (4 cores per cpu, 2 threads per core) family 6 model 142 stepping 10 microcode 0x96, cmov, cx8, fxsr, mmx, sse, sse2, sse3, ssse3, sse4.1, sse4.2, popcnt, avx, avx2, aes, clmul, erms, 3dnowpref, lzcnt, ht, tsc, tscinvbit, bmi1, bmi2, adx, fma

Memory: 4k page, system-wide physical 12166M (2083M free)
TotalPageFile size 12166M (AvailPageFile size 141M)
current process WorkingSet (physical memory assigned to process): 9M, peak: 9M
current process commit charge ("private bytes"): 60M, peak: 252M

vm_info: OpenJDK 64-Bit Server VM (11.0.13+7-b1751.25) for windows-amd64 JRE (11.0.13+7-b1751.25), built on Jan 13 2022 20:47:27 by "" with MS VC++ 14.0 (VS2015)

END.
